LAB2-3                                                                                                        PAGE 1

                       1    $MOD52                          
                       2    
                       3    ;x1 - P0.0
                       4    ;x2 - P0.1
                       5    ;x3 - P0.2
                       6    ;x4 - P0.3
                       7    
                       8    ;f = 0 - P1 = 000h
                       9    ;f = 1 - P1 = 0FFh
                      10    
----                  11    CSEG
0000                  12    ORG 00h
0000 90003A           13            mov DPTR, #table
0003 E580             14            mov A, P0
0005 5401             15            anl A, #01h; –í—ã–¥–µ–ª—è–µ–º x1
0007 F8               16            mov R0, A; –í —Ä–µ–≥–∏—Å—Ç—Ä–µ R0 —Ñ–æ—Ä–º–∏—Ä—É–µ—Ç—Å—è –∞–¥—Ä–µ—Å
                      17            
0008 E580             18            mov A, P0
000A 03               19            rr A
000B 5401             20            anl A, #01h; –í—ã–¥–µ–ª—è–µ–º x2
000D 75F002           21            mov B, #02h
0010 A4               22            mul AB
0011 28               23            add A, R0
0012 F8               24            mov R0, A
                      25            
0013 E580             26            mov A, P0
0015 03               27            rr A
0016 03               28            rr A
0017 5401             29            anl A, #01h; –í—ã–¥–µ–ª—è–µ–º x3
0019 75F004           30            mov B, #04h
001C A4               31            mul AB
001D 28               32            add A, R0
001E F8               33            mov R0, A
                      34            
001F E580             35            mov A, P0
0021 03               36            rr A
0022 03               37            rr A
0023 03               38            rr A
0024 5401             39            anl A, #01h; –í—ã–¥–µ–ª—è–µ–º x4
0026 75F008           40            mov B, #08h
0029 A4               41            mul AB
002A 28               42            add A, R0; –ê–∫–∫—É–º—É–ª—è—Ç–æ—Ä —Å–æ–¥–µ—Ä–∂–∏—Ç —Å–º–µ—â–µ–Ω–∏–µ –æ—Ç–Ω–æ—Å–∏—Ç–µ
                                                                               –ª—å–Ω–æ –∞–¥—Ä–µ—Å–∞ —Ç–∞–±–ª–∏—Ü—ã
                      43            
002B 93               44            movc A, @A + DPTR; –°—á–∏—Ç—ã–≤–∞–µ–º –∑–Ω–∞—á–µ–Ω–∏–µ –ø–æ –ø–æ–ª—É—á–µ–Ω–Ω–æ–º—É –
                                                                               ∞–¥—Ä–µ—Å—É
002C 13               45            rrc A
002D 4006             46            jc one
                      47            ; –ï—Å–ª–∏ –≤ —è—á–µ–π–∫–µ —Ö—Ä–∞–Ω–∏—Ç—Å—è –Ω–æ–ª—å
002F 759000           48            mov P1, #00h
0032 020038           49            jmp lp
0035                  50    one:
                      51            ; –ï—Å–ª–∏ –≤ —è—á–µ–π–∫–µ —Ö—Ä–∞–Ω–∏—Ç—Å—è –µ–¥–∏–Ω–∏—Ü–∞
0035 7590FF           52            mov P1, #0FFh
0038                  53    lp:
0038 80FE             54            jmp lp
                      55    
003A                  56    table:
LAB2-3                                                                                                        PAGE 2

003A 00010100         57            DB 0, 1, 1, 0, 0, 0, 0, 0, 0, 1, 1, 0, 0, 1, 1, 0
003E 00000000   
0042 00010100   
0046 00010100   
                      58    END

VERSION 1.2h ASSEMBLY COMPLETE, 0 ERRORS FOUND
LAB2-3                                                                                                        PAGE 3

B. . . . . . . . . . . . . . . .  D ADDR  00F0H  PREDEFINED  
LP . . . . . . . . . . . . . . .  C ADDR  0038H  
ONE. . . . . . . . . . . . . . .  C ADDR  0035H  
P0 . . . . . . . . . . . . . . .  D ADDR  0080H  PREDEFINED  
P1 . . . . . . . . . . . . . . .  D ADDR  0090H  PREDEFINED  
TABLE. . . . . . . . . . . . . .  C ADDR  003AH  
